<?xml version="1.0" encoding="UTF-8"?>
<!-- Generated by org.testng.reporters.JUnitXMLReporter -->
<testsuite ignored="2" hostname="admin" failures="0" tests="1" name="Surefire test" time="16.065" errors="0" timestamp="08 Apr 2021 05:16:42 GMT">
  <testcase classname="com.qa.democart.test.LoginPageTest" name="titleTest" time="0.667"/>
  <testcase classname="com.qa.democart.test.LoginPageTest" name="doLoginTest" time="0.0">
    <ignored/>
  </testcase> <!-- doLoginTest -->
  <testcase classname="com.qa.democart.test.LoginPageTest" name="headerDisplayTest" time="0.0">
    <ignored/>
  </testcase> <!-- headerDisplayTest -->
</testsuite> <!-- Surefire test -->
