<?xml version="1.0" encoding="UTF-8"?>
<!-- Generated by org.testng.reporters.JUnitXMLReporter -->
<testsuite ignored="3" hostname="admin" failures="0" tests="2" name="Default test" time="66.587" errors="0" timestamp="08 Apr 2021 15:07:44 GMT">
  <testcase classname="com.qa.democart.test.AccountPageTest" name="searchTest" time="3.862"/>
  <testcase classname="com.qa.democart.test.AccountPageTest" name="searchTest" time="6.71"/>
  <testcase classname="com.qa.democart.test.AccountPageTest" name="verifyProductResult" time="0.0">
    <ignored/>
  </testcase> <!-- verifyProductResult -->
  <testcase classname="com.qa.democart.test.AccountPageTest" name="headerInfoTest" time="0.0">
    <ignored/>
  </testcase> <!-- headerInfoTest -->
  <testcase classname="com.qa.democart.test.AccountPageTest" name="accountLinkTest" time="0.0">
    <ignored/>
  </testcase> <!-- accountLinkTest -->
</testsuite> <!-- Default test -->
