<?xml version="1.0" encoding="UTF-8"?>
<!-- Generated by org.testng.reporters.JUnitXMLReporter -->
<testsuite ignored="0" hostname="admin" failures="0" tests="3" name="Default test" time="22.064" errors="0" timestamp="30 Mar 2021 11:48:05 GMT">
  <testcase classname="com.qa.democart.test.LoginPageTest" name="titleTest" time="0.057"/>
  <testcase classname="com.qa.democart.test.LoginPageTest" name="headerDisplayTest" time="1.908"/>
  <testcase classname="com.qa.democart.test.LoginPageTest" name="doLoginTest" time="9.388"/>
</testsuite> <!-- Default test -->
