<?xml version="1.0" encoding="UTF-8"?>
<testng-results ignored="2" total="3" passed="1" failed="0" skipped="0">
  <reporter-output>
  </reporter-output>
  <suite started-at="2021-04-08T05:16:26Z" name="Surefire suite" finished-at="2021-04-08T05:16:42Z" duration-ms="16065">
    <groups>
    </groups>
    <test started-at="2021-04-08T05:16:26Z" name="Surefire test" finished-at="2021-04-08T05:16:42Z" duration-ms="16065">
      <class name="com.qa.democart.test.LoginPageTest">
        <test-method is-config="true" signature="setUp()[pri:0, instance:com.qa.democart.test.LoginPageTest@31fc71ab]" started-at="2021-04-08T05:16:26Z" name="setUp" finished-at="2021-04-08T05:16:39Z" duration-ms="13465" status="PASS">
          <reporter-output>
          </reporter-output>
        </test-method> <!-- setUp -->
        <test-method signature="titleTest()[pri:1, instance:com.qa.democart.test.LoginPageTest@31fc71ab]" started-at="2021-04-08T05:16:39Z" name="titleTest" finished-at="2021-04-08T05:16:40Z" duration-ms="667" status="PASS">
          <reporter-output>
          </reporter-output>
        </test-method> <!-- titleTest -->
        <test-method is-config="true" signature="tearDown()[pri:0, instance:com.qa.democart.test.LoginPageTest@31fc71ab]" started-at="2021-04-08T05:16:41Z" name="tearDown" finished-at="2021-04-08T05:16:42Z" duration-ms="1047" status="PASS">
          <reporter-output>
          </reporter-output>
        </test-method> <!-- tearDown -->
      </class> <!-- com.qa.democart.test.LoginPageTest -->
    </test> <!-- Surefire test -->
  </suite> <!-- Surefire suite -->
</testng-results>
