<?xml version="1.0" encoding="UTF-8"?>
<!-- Generated by org.testng.reporters.JUnitXMLReporter -->
<testsuite ignored="0" hostname="admin" failures="0" tests="5" name="Accounts page Test" time="131.886" errors="0" timestamp="08 Apr 2021 04:59:24 GMT">
  <testcase classname="com.qa.democart.test.AccountPageTest" name="accountLinkTest" time="5.702"/>
  <testcase classname="com.qa.democart.test.AccountPageTest" name="headerInfoTest" time="0.5"/>
  <testcase classname="com.qa.democart.test.AccountPageTest" name="searchTest_iMac" time="10.137"/>
  <testcase classname="com.qa.democart.test.AccountPageTest" name="searchTest_MacBook" time="4.634"/>
  <testcase classname="com.qa.democart.test.AccountPageTest" name="verifyProductResult" time="45.059"/>
</testsuite> <!-- Accounts page Test -->
