<?xml version="1.0" encoding="UTF-8"?>
<!-- Generated by org.testng.reporters.JUnitXMLReporter -->
<testsuite ignored="0" hostname="admin" failures="0" tests="3" name="Login page Test" time="106.083" errors="0" timestamp="08 Apr 2021 04:58:59 GMT">
  <testcase classname="com.qa.democart.test.LoginPageTest" name="titleTest" time="1.26"/>
  <testcase classname="com.qa.democart.test.LoginPageTest" name="headerDisplayTest" time="0.737"/>
  <testcase classname="com.qa.democart.test.LoginPageTest" name="doLoginTest" time="23.822"/>
</testsuite> <!-- Login page Test -->
