<?xml version="1.0" encoding="UTF-8"?>
<testng-results ignored="0" total="3" passed="3" failed="0" skipped="0">
  <reporter-output>
  </reporter-output>
  <suite started-at="2021-03-30T11:47:43Z" name="Default suite" finished-at="2021-03-30T11:48:05Z" duration-ms="22064">
    <groups>
    </groups>
    <test started-at="2021-03-30T11:47:43Z" name="Default test" finished-at="2021-03-30T11:48:05Z" duration-ms="22064">
      <class name="com.qa.democart.test.LoginPageTest">
        <test-method is-config="true" signature="setUp()[pri:0, instance:com.qa.democart.test.LoginPageTest@4f638935]" started-at="2021-03-30T11:47:43Z" name="setUp" finished-at="2021-03-30T11:47:53Z" duration-ms="9668" status="PASS">
          <reporter-output>
          </reporter-output>
        </test-method> <!-- setUp -->
        <test-method signature="titleTest()[pri:1, instance:com.qa.democart.test.LoginPageTest@4f638935]" started-at="2021-03-30T11:47:53Z" name="titleTest" finished-at="2021-03-30T11:47:53Z" duration-ms="57" status="PASS">
          <reporter-output>
          </reporter-output>
        </test-method> <!-- titleTest -->
        <test-method signature="headerDisplayTest()[pri:2, instance:com.qa.democart.test.LoginPageTest@4f638935]" started-at="2021-03-30T11:47:53Z" name="headerDisplayTest" finished-at="2021-03-30T11:47:55Z" duration-ms="1908" status="PASS">
          <reporter-output>
          </reporter-output>
        </test-method> <!-- headerDisplayTest -->
        <test-method signature="doLoginTest()[pri:3, instance:com.qa.democart.test.LoginPageTest@4f638935]" started-at="2021-03-30T11:47:55Z" name="doLoginTest" finished-at="2021-03-30T11:48:04Z" duration-ms="9388" status="PASS">
          <reporter-output>
          </reporter-output>
        </test-method> <!-- doLoginTest -->
        <test-method is-config="true" signature="tearDown()[pri:0, instance:com.qa.democart.test.LoginPageTest@4f638935]" started-at="2021-03-30T11:48:04Z" name="tearDown" finished-at="2021-03-30T11:48:05Z" duration-ms="946" status="PASS">
          <reporter-output>
          </reporter-output>
        </test-method> <!-- tearDown -->
      </class> <!-- com.qa.democart.test.LoginPageTest -->
    </test> <!-- Default test -->
  </suite> <!-- Default suite -->
</testng-results>
