<?xml version="1.0" encoding="UTF-8"?>
<testng-results ignored="3" total="5" passed="2" failed="0" skipped="0">
  <reporter-output>
  </reporter-output>
  <suite started-at="2021-04-08T15:06:37Z" name="Default suite" finished-at="2021-04-08T15:07:44Z" duration-ms="66587">
    <groups>
    </groups>
    <test started-at="2021-04-08T15:06:37Z" name="Default test" finished-at="2021-04-08T15:07:44Z" duration-ms="66587">
      <class name="com.qa.democart.test.AccountPageTest">
        <test-method is-config="true" signature="setUp()[pri:0, instance:com.qa.democart.test.AccountPageTest@5f212d84]" started-at="2021-04-08T15:06:37Z" name="setUp" finished-at="2021-04-08T15:07:25Z" duration-ms="47729" status="PASS">
          <reporter-output>
          </reporter-output>
        </test-method> <!-- setUp -->
        <test-method is-config="true" signature="accountPageSetUp()[pri:0, instance:com.qa.democart.test.AccountPageTest@5f212d84]" started-at="2021-04-08T15:07:25Z" name="accountPageSetUp" finished-at="2021-04-08T15:07:31Z" duration-ms="6408" status="PASS">
          <reporter-output>
          </reporter-output>
        </test-method> <!-- accountPageSetUp -->
        <test-method signature="searchTest(java.lang.String)[pri:3, instance:com.qa.democart.test.AccountPageTest@5f212d84]" started-at="2021-04-08T15:07:31Z" name="searchTest" data-provider="getData" finished-at="2021-04-08T15:07:35Z" duration-ms="3862" status="PASS">
          <params>
            <param index="0">
              <value>
                <![CDATA[iMac]]>
              </value>
            </param>
          </params>
          <reporter-output>
          </reporter-output>
        </test-method> <!-- searchTest -->
        <test-method signature="searchTest(java.lang.String)[pri:3, instance:com.qa.democart.test.AccountPageTest@5f212d84]" started-at="2021-04-08T15:07:36Z" name="searchTest" data-provider="getData" finished-at="2021-04-08T15:07:43Z" duration-ms="6710" status="PASS">
          <params>
            <param index="0">
              <value>
                <![CDATA[MacBook]]>
              </value>
            </param>
          </params>
          <reporter-output>
          </reporter-output>
        </test-method> <!-- searchTest -->
        <test-method is-config="true" signature="tearDown()[pri:0, instance:com.qa.democart.test.AccountPageTest@5f212d84]" started-at="2021-04-08T15:07:43Z" name="tearDown" finished-at="2021-04-08T15:07:44Z" duration-ms="986" status="PASS">
          <reporter-output>
          </reporter-output>
        </test-method> <!-- tearDown -->
      </class> <!-- com.qa.democart.test.AccountPageTest -->
    </test> <!-- Default test -->
  </suite> <!-- Default suite -->
</testng-results>
