<?xml version="1.0" encoding="UTF-8"?>
<!-- Generated by org.testng.reporters.JUnitXMLReporter -->
<testsuite ignored="0" hostname="admin" failures="0" tests="5" name="Accounts page Test" time="61.93" errors="0" timestamp="07 Apr 2021 14:34:50 GMT">
  <testcase classname="com.qa.democart.test.AccountPageTest" name="accountLinkTest" time="0.314"/>
  <testcase classname="com.qa.democart.test.AccountPageTest" name="headerInfoTest" time="0.595"/>
  <testcase classname="com.qa.democart.test.AccountPageTest" name="searchTest_iMac" time="0.458"/>
  <testcase classname="com.qa.democart.test.AccountPageTest" name="searchTest_MacBook" time="0.394"/>
  <testcase classname="com.qa.democart.test.AccountPageTest" name="verifyProductResult" time="0.379"/>
</testsuite> <!-- Accounts page Test -->
