<?xml version="1.0" encoding="UTF-8"?>
<!-- Generated by org.testng.reporters.JUnitXMLReporter -->
<testsuite ignored="0" hostname="admin" failures="0" tests="3" name="Login page Test" time="58.507" errors="0" timestamp="07 Apr 2021 14:34:47 GMT">
  <testcase classname="com.qa.democart.test.LoginPageTest" name="titleTest" time="2.548"/>
  <testcase classname="com.qa.democart.test.LoginPageTest" name="headerDisplayTest" time="0.302"/>
  <testcase classname="com.qa.democart.test.LoginPageTest" name="doLoginTest" time="4.696"/>
</testsuite> <!-- Login page Test -->
