<?xml version="1.0" encoding="UTF-8"?>
<!-- Generated by org.testng.reporters.JUnitXMLReporter -->
<testsuite ignored="0" hostname="admin" failures="0" tests="5" name="Accounts page Test" time="48.435" errors="0" timestamp="02 Apr 2021 08:14:56 GMT">
  <testcase classname="com.qa.democart.test.AccountPageTest" name="accountLinkTest" time="1.76"/>
  <testcase classname="com.qa.democart.test.AccountPageTest" name="headerInfoTest" time="0.401"/>
  <testcase classname="com.qa.democart.test.AccountPageTest" name="searchTest_iMac" time="2.804"/>
  <testcase classname="com.qa.democart.test.AccountPageTest" name="searchTest_MacBook" time="2.836"/>
  <testcase classname="com.qa.democart.test.AccountPageTest" name="verifyProductResult" time="11.91"/>
</testsuite> <!-- Accounts page Test -->
