<?xml version="1.0" encoding="UTF-8"?>
<!-- Generated by org.testng.reporters.JUnitXMLReporter -->
<testsuite ignored="0" hostname="admin" failures="0" tests="3" name="Login page Test" time="27.495" errors="0" timestamp="02 Apr 2021 08:14:36 GMT">
  <testcase classname="com.qa.democart.test.LoginPageTest" name="titleTest" time="0.105"/>
  <testcase classname="com.qa.democart.test.LoginPageTest" name="headerDisplayTest" time="0.35"/>
  <testcase classname="com.qa.democart.test.LoginPageTest" name="doLoginTest" time="4.33"/>
</testsuite> <!-- Login page Test -->
