<?xml version="1.0" encoding="UTF-8"?>
<!-- Generated by org.testng.reporters.JUnitXMLReporter -->
<testsuite ignored="0" hostname="admin" failures="0" tests="3" name="Login page Test" time="28.692" errors="0" timestamp="30 Mar 2021 10:32:18 GMT">
  <testcase classname="com.qa.democart.test.LoginPageTest" name="titleTest" time="0.066"/>
  <testcase classname="com.qa.democart.test.LoginPageTest" name="headerDisplayTest" time="0.351"/>
  <testcase classname="com.qa.democart.test.LoginPageTest" name="doLoginTest" time="3.919"/>
</testsuite> <!-- Login page Test -->
